<?xml version="1.0" encoding="UTF-8"?>
<!-- Generated by org.testng.reporters.JUnitReportReporter -->
<testsuite skipped="0" hostname="Rajeshk" name="com.orion.automation.applicationtestcases.primusbanklogintestcase" tests="1" failures="0" timestamp="07 Jan 2019 12:09:42 GMT" time="2.194" errors="0">
  <testcase name="loginTest" time="2.194" classname="com.orion.automation.applicationtestcases.primusbanklogintestcase"/>
</testsuite> <!-- com.orion.automation.applicationtestcases.primusbanklogintestcase -->
