<?xml version="1.0" encoding="UTF-8"?>
<!-- Generated by org.testng.reporters.JUnitReportReporter -->
<testsuite skipped="0" hostname="Rajeshk" name="com.orion.automation.Database.Databasetest" tests="1" failures="0" timestamp="04 Feb 2019 12:27:24 GMT" time="0.390" errors="0">
  <testcase name="joins" time="0.390" classname="com.orion.automation.Database.Databasetest"/>
</testsuite> <!-- com.orion.automation.Database.Databasetest -->
