<?xml version="1.0" encoding="UTF-8"?>
<!-- Generated by org.testng.reporters.JUnitReportReporter -->
<testsuite name="com.orion.automation.applicationtestcases.primusbanklogintestcase" tests="1" time="2.415" ignored="0" failures="0" timestamp="04 Jan 2019 09:38:35 GMT" skipped="0" hostname="Rajeshk" errors="0">
  <testcase name="loginTest" time="2.415" classname="com.orion.automation.applicationtestcases.primusbanklogintestcase"/>
</testsuite> <!-- com.orion.automation.applicationtestcases.primusbanklogintestcase -->
