<?xml version="1.0" encoding="UTF-8"?>
<!-- Generated by org.testng.reporters.JUnitReportReporter -->
<testsuite skipped="0" hostname="Rajeshk" name="com.orion.automation.Database.Databasetest" tests="1" failures="0" timestamp="17 Jan 2019 06:42:29 GMT" time="0.406" errors="0">
  <testcase name="selectDbdata" time="0.406" classname="com.orion.automation.Database.Databasetest"/>
</testsuite> <!-- com.orion.automation.Database.Databasetest -->
